2026-04-25T12:12:27.5794288+02:00	create-story	5-2-http-response-handling-and-etag-caching	ok	story created and sprint status set to ready-for-dev
2026-04-25T12:55:24.5676224+02:00	party-mode-review	5-1-eventstore-service-abstractions	ok	trace recorded in story artifact; low-risk hardening edits applied
2026-04-25T13:05:13.0872821+02:00	party-mode-review	5-2-http-response-handling-and-etag-caching	ok	trace recorded in story artifact; inline clarification hardening applied
2026-04-25T14:03:11.7274912+02:00	advanced-elicitation	5-1-eventstore-service-abstractions	ok	trace recorded in story artifact; redaction and SignalR lifecycle hardening applied
2026-04-25T15:03:15.2298800+02:00	advanced-elicitation	5-2-http-response-handling-and-etag-caching	ok	trace recorded in story artifact; cache compatibility and response-text hardening applied
2026-04-25T16:02:41.0138295+02:00	none	-	none	ready buffer satisfied; all ready stories already have party-mode and advanced-elicitation traces
2026-04-25T17:02:30.0418754+02:00	none	-	none	ready buffer satisfied; all ready stories already have party-mode and advanced-elicitation traces
2026-04-25T18:03:04.2520144+02:00	none	-	none	ready buffer satisfied; all ready stories already have party-mode and advanced-elicitation traces
2026-04-25T19:04:00.7816759+02:00	none	-	none	ready buffer satisfied; all ready stories already have party-mode and advanced-elicitation traces
2026-04-25T20:03:54.1991785+02:00	none	-	none	ready buffer satisfied; all ready stories already have party-mode and advanced-elicitation traces
2026-04-25T21:01:46.6064044+02:00	none	-	none	ready buffer satisfied; all ready stories already have party-mode and advanced-elicitation traces
2026-04-25T22:05:35.5642012+02:00	none	-	none	ready buffer satisfied; all ready stories already have party-mode and advanced-elicitation traces
2026-04-25T23:07:55.4817199+02:00	create-story	5-3-signalr-connection-and-disconnection-handling	ok	created ready-for-dev story to restore ready buffer
2026-04-26T00:06:29.6508840+02:00	create-story	5-4-reconnection-reconciliation-and-batched-updates	ok	created ready-for-dev story to restore ready buffer
2026-04-26T01:04:41.5992474+02:00	create-story	5-5-command-idempotency-and-optimistic-updates	ok	created ready-for-dev story to restore ready buffer
2026-04-26T02:08:38.2097338+02:00	create-story	5-6-build-time-infrastructure-enforcement-and-observability	ok	created story artifact and marked ready-for-dev
2026-04-26T03:07:11.9742696+02:00	create-story	5-7-signalr-fault-injection-test-harness	ok	created story artifact and marked ready-for-dev
2026-04-26T04:06:38.8686677+02:00	create-story	6-1-level-1-annotation-overrides	ok	created story artifact and marked ready-for-dev
2026-04-26T05:06:45.7049555+02:00	party-mode-review	5-4-reconnection-reconciliation-and-batched-updates	ok	party-mode trace recorded and story hardened for reconnect epoch semantics
2026-04-26T06:05:58.9195666+02:00	party-mode-review	5-5-command-idempotency-and-optimistic-updates	ok	party-mode trace recorded and story hardened for MessageId outcome semantics
2026-04-26T07:04:31.7376522+02:00	party-mode-review	5-6-build-time-infrastructure-enforcement-and-observability	ok	party-mode trace recorded and story hardened for telemetry contracts
2026-04-26T08:05:35.8402766+02:00	party-mode-review	5-7-signalr-fault-injection-test-harness	ok	party-mode trace recorded and story hardened for deterministic harness acceptance
2026-04-26T08:29:28.7951879+02:00	create-story	6-2-level-2-typed-razor-template-overrides	ok	created story artifact and marked ready-for-dev
2026-04-26T08:46:02+02:00	party-mode-review	6-1-level-1-annotation-overrides	ok	party-mode trace recorded and story hardened for annotation contracts
2026-04-26T08:53:56+02:00	party-mode-review	6-2-level-2-typed-razor-template-overrides	ok	party-mode trace recorded and story hardened for template selection contracts
2026-04-26T09:04:15+02:00	advanced-elicitation	5-5-command-idempotency-and-optimistic-updates	ok	advanced elicitation trace recorded and story hardened for fallback matching and bounded summaries
2026-04-26T09:09:53.4848022+02:00	advanced-elicitation	5-6-build-time-infrastructure-enforcement-and-observability	ok	advanced elicitation trace recorded and story hardened for transitive governance and fail-open telemetry
2026-04-26T09:24:34.8679058+02:00	advanced-elicitation	5-7-signalr-fault-injection-test-harness	ok	advanced elicitation trace recorded and story hardened for bounded deterministic harness behavior
2026-04-26T09:32:37+02:00	advanced-elicitation	6-1-level-1-annotation-overrides	ok	advanced elicitation trace recorded and story hardened for annotation conflicts and deterministic formatting
2026-04-26T09:49:55+02:00	advanced-elicitation	6-2-level-2-typed-razor-template-overrides	ok	advanced elicitation trace recorded and story hardened for context cache isolation
2026-04-26T10:03:20+02:00	none	-	none	ready-for-dev buffer full and all ready stories already have party-mode and advanced-elicitation traces
2026-04-26T11:06:30+02:00	create-story	6-3-level-3-slot-level-field-replacement	ok	created story 6-3 and marked ready-for-dev
2026-04-26T12:10:28.5115364+02:00	party-mode-review	6-3-level-3-slot-level-field-replacement	ok	party-mode trace recorded and story hardened for slot override contracts
2026-04-26T13:12:25.8327176+02:00	advanced-elicitation	6-3-level-3-slot-level-field-replacement	ok	advanced elicitation trace recorded and story hardened for fallback recursion, keys, concurrency, and selector edge cases
2026-04-26T14:12:06.1444683+02:00	none	-	none	ready-for-dev buffer full and all ready stories already have party-mode and advanced-elicitation traces
2026-04-26T15:01:09.0155514+02:00	none	-	none	ready-for-dev buffer full and all ready stories already have party-mode and advanced-elicitation traces
2026-04-26T16:13:22.8216147+02:00	none	-	none	ready-for-dev buffer full and all ready stories already have party-mode and advanced-elicitation traces
2026-04-26T17:06:10.8685857+02:00	none	-	none	ready-for-dev buffer full and all ready stories already have party-mode and advanced-elicitation traces
2026-04-26T20:15:43.0611925+02:00	create-story	6-4-level-4-full-component-replacement	ok	story created and marked ready-for-dev
2026-04-27T02:10:08.5805466+02:00	party-mode-review	6-4-level-4-full-component-replacement	ok	party-mode trace recorded and story hardened for Level 4 boundary diagnostics accessibility and isolation
2026-04-30T04:53:10.2759443+02:00	create-story	6-5-fcdevmodeoverlay-and-starter-template-generator	ok	created story artifact and marked ready-for-dev
2026-04-30T07:26:13.0493145+02:00	create-story	6-6-build-time-validation-error-boundaries-and-diagnostics	ok	created story artifact and marked ready-for-dev
2026-04-30T07:40:56+02:00	create-story	7-1-oidc-saml-authentication-integration	ok	created auth integration story and marked ready-for-dev
2026-04-30T07:56:51.3296637+02:00	party-mode-review	6-5-fcdevmodeoverlay-and-starter-template-generator	ok	party-mode trace recorded and story hardened for dev-mode gates snapshots UX states and test coverage
2026-04-30T08:02:13.4644753+02:00	party-mode-review	6-6-build-time-validation-error-boundaries-and-diagnostics	ok	party-mode trace recorded and story hardened for contract boundaries diagnostics oracles and runtime isolation
2026-04-30T08:10:59.3981177+02:00	party-mode-review	7-1-oidc-saml-authentication-integration	ok	party-mode trace recorded and story hardened for auth bridge boundaries token relay redaction and fake fixtures
2026-04-30T08:25:22.7061492+02:00	advanced-elicitation	6-4-level-4-full-component-replacement	ok	advanced elicitation trace recorded and story hardened for recovery disposal redaction and bounded data access
2026-04-30T08:36:23.2351248+02:00	create-story	7-2-tenant-context-propagation-and-isolation	ok	created tenant context propagation story and marked ready-for-dev
2026-04-30T09:08:53.5528483+02:00	advanced-elicitation	6-5-fcdevmodeoverlay-and-starter-template-generator	ok	advanced elicitation applied: command-form scope, manual-copy fallback, descriptor escaping, render-epoch stale-event guard
2026-04-30T09:44:07+02:00	party-mode-review	7-2-tenant-context-propagation-and-isolation	ok	party-mode trace recorded and story hardened for casing drift validation boundaries UX failure states and test oracles
2026-04-30T13:39:43.4010712+02:00	advanced-elicitation	6-6-build-time-validation-error-boundaries-and-diagnostics	ok	advanced elicitation trace recorded and story hardened for catalog matrix, bounded recovery, analyzer scope, redaction, and fixture isolation
2026-04-30T14:02:43.5175163+02:00	advanced-elicitation	7-1-oidc-saml-authentication-integration	ok	advanced elicitation trace recorded and story hardened for claim precedence, redirect safety, token lifecycle, redaction, and package boundaries
2026-04-30T15:04:21+02:00	advanced-elicitation	7-2-tenant-context-propagation-and-isolation	ok	advanced elicitation trace recorded and story hardened for context snapshots, cache isolation, side-effect counters, and SignalR tenant-switch concurrency
2026-04-30T16:03:12.8009103+02:00	none	-	none	all ready-for-dev stories already have party-mode and advanced elicitation traces
2026-04-30T17:03:01.9871880+02:00	none	-	none	all ready-for-dev stories already have party-mode and advanced elicitation traces
2026-04-30T18:03:09.3031430+02:00	none	-	none	all ready-for-dev stories already have party-mode and advanced elicitation traces
2026-04-30T19:03:24.5334786+02:00	none	-	none	all ready-for-dev stories already have party-mode and advanced elicitation traces
2026-04-30T20:01:47.7263014+02:00	none	-	none	all ready-for-dev stories already have party-mode and advanced elicitation traces
2026-04-30T21:04:02.9103526+02:00	none	-	none	all ready-for-dev stories already have party-mode and advanced elicitation traces
2026-04-30T22:03:16.6571981+02:00	none	-	none	all ready-for-dev stories already have party-mode and advanced elicitation traces
2026-04-30T23:02:18.0547811+02:00	none	-	none	all ready-for-dev stories already have party-mode and advanced elicitation traces
2026-05-01T00:02:01.8366743+02:00	none	-	none	all ready-for-dev stories already have party-mode and advanced elicitation traces
2026-05-01T01:05:47.3957901+02:00	none	-	none	all ready-for-dev stories already have party-mode and advanced elicitation traces
2026-05-01T02:03:11.0564836+02:00	none	-	none	all ready-for-dev stories already have party-mode and advanced elicitation traces
